<?xml version="1.0" encoding="UTF-8"?>
<!-- Generated by org.testng.reporters.JUnitReportReporter -->
<testsuite hostname="Aichuroks-MacBook-Air.local" failures="0" tests="3" name="com.automation.tests.PopUpTest" time="45.999" errors="0" timestamp="2024-06-24T12:56:58 KGT" skipped="0">
  <testcase classname="com.automation.tests.PopUpTest" name="verifyWorkingOfClosePopUp" time="13.221"/>
  <testcase classname="com.automation.tests.PopUpTest" name="verifyButtonWithoutEnteringEmail" time="19.257"/>
  <testcase classname="com.automation.tests.PopUpTest" name="verifyPresenceOfButton" time="13.521"/>
</testsuite> <!-- com.automation.tests.PopUpTest -->
